<?xml version="1.0" encoding="UTF-8"?>
<testsuite xmlns:xsi="http://www.w3.org/2001/XMLSchema-instance" xsi:noNamespaceSchemaLocation="https://maven.apache.org/surefire/maven-surefire-plugin/xsd/surefire-test-report-3.0.xsd" version="3.0" name="TransactionManagerTest" time="0.037" tests="7" errors="0" skipped="0" failures="0">
  <properties>
[...]
</properties>
  <testcase name="testEditData" classname="TransactionManagerTest" time="0.018">
    <system-out><![CDATA[TransactionManager initialized.
]]></system-out>
  </testcase>
  <testcase name="testLoadData" classname="TransactionManagerTest" time="0.001"/>
  <testcase name="testQueryByOwner" classname="TransactionManagerTest" time="0.001"/>
  <testcase name="testQueryByIncome" classname="TransactionManagerTest" time="0.0"/>
  <testcase name="testImportData" classname="TransactionManagerTest" time="0.001"/>
  <testcase name="testQueryByTime" classname="TransactionManagerTest" time="0.002"/>
  <testcase name="testQueryByType" classname="TransactionManagerTest" time="0.001"/>
</testsuite>